Arguments: 
  /usr/bin/node /usr/share/yarn/bin/yarn.js init

PATH: 
  /home/wcfx/.fastlane/bin:/home/wcfx/development/flutter/bin:/home/wcfx/.zinit/polaris/sbin:/home/wcfx/.zinit/polaris/bin:/home/wcfx/.zinit/polaris/usr/sbin:/home/wcfx/.zinit/polaris/usr/bin:/home/wcfx/.fastlane/bin:/home/wcfx/development/flutter/bin:/usr/local/sbin:/usr/local/bin:/usr/sbin:/usr/bin:/sbin:/bin:/usr/games:/usr/local/games:/snap/bin:/home/wcfx/Android/Sdk/tools:/home/wcfx/Android/Sdk/platform-tools:/usr/local/bin:/home/wcfx/flutter/bin:/home/wcfx/Android/Sdk/tools:/home/wcfx/Android/Sdk/platform-tools:/usr/local/bin:/home/wcfx/react-native-projects/node-typescript-structure/flutter/bin

Yarn version: 
  1.22.4

Node version: 
  12.18.1

Platform: 
  linux x64

Trace: 
  Error: canceled
      at Interface.<anonymous> (/usr/share/yarn/lib/cli.js:137008:13)
      at Interface.emit (events.js:315:20)
      at Interface._ttyWrite (readline.js:866:16)
      at ReadStream.onkeypress (readline.js:205:10)
      at ReadStream.emit (events.js:315:20)
      at emitKeys (internal/readline/utils.js:335:14)
      at emitKeys.next (<anonymous>)
      at ReadStream.onData (readline.js:1133:36)
      at ReadStream.emit (events.js:315:20)
      at addChunk (_stream_readable.js:295:12)

npm manifest: 
  {
    "name": "node-typescript-structure",
    "version": "1.0.0",
    "main": "index.js",
    "author": "WCFX <wcfx.dev@gmail.com>",
    "license": "MIT"
  }

yarn manifest: 
  No manifest

Lockfile: 
  No lockfile
